2025-05-27 08:44:03,496 INFO o.a.j.u.JMeterUtils: Setting Locale to en_ID
2025-05-27 08:44:03,509 INFO o.a.j.JMeter: Loading user properties from: C:\Users\Abhi\Downloads\apache-jmeter-5.6.3\apache-jmeter-5.6.3\bin\user.properties
2025-05-27 08:44:03,510 INFO o.a.j.JMeter: Loading system properties from: C:\Users\Abhi\Downloads\apache-jmeter-5.6.3\apache-jmeter-5.6.3\bin\system.properties
2025-05-27 08:44:03,517 INFO o.a.j.JMeter: Copyright (c) 1998-2024 The Apache Software Foundation
2025-05-27 08:44:03,517 INFO o.a.j.JMeter: Version 5.6.3
2025-05-27 08:44:03,517 INFO o.a.j.JMeter: java.version=1.8.0_51
2025-05-27 08:44:03,517 INFO o.a.j.JMeter: java.vm.name=Java HotSpot(TM) 64-Bit Server VM
2025-05-27 08:44:03,517 INFO o.a.j.JMeter: os.name=Windows 8.1
2025-05-27 08:44:03,517 INFO o.a.j.JMeter: os.arch=amd64
2025-05-27 08:44:03,517 INFO o.a.j.JMeter: os.version=6.3
2025-05-27 08:44:03,517 INFO o.a.j.JMeter: file.encoding=Cp1252
2025-05-27 08:44:03,517 INFO o.a.j.JMeter: java.awt.headless=true
2025-05-27 08:44:03,517 INFO o.a.j.JMeter: Max memory     =3679977472
2025-05-27 08:44:03,517 INFO o.a.j.JMeter: Available Processors =16
2025-05-27 08:44:03,520 INFO o.a.j.JMeter: Default Locale=English (Indonesia)
2025-05-27 08:44:03,521 INFO o.a.j.JMeter: JMeter  Locale=English (Indonesia)
2025-05-27 08:44:03,521 INFO o.a.j.JMeter: JMeterHome=C:\Users\Abhi\Downloads\apache-jmeter-5.6.3\apache-jmeter-5.6.3
2025-05-27 08:44:03,521 INFO o.a.j.JMeter: user.dir  =C:\Users\Abhi\Documents\KULIAH\SEM4\AdPro\gatherlove
2025-05-27 08:44:03,521 INFO o.a.j.JMeter: PWD       =C:\Users\Abhi\Documents\KULIAH\SEM4\AdPro\gatherlove
2025-05-27 08:44:03,526 INFO o.a.j.JMeter: IP: 192.168.0.102 Name: LAPTOP-NHA1CSS5 FullName: host.docker.internal
2025-05-27 08:44:03,539 INFO o.a.j.JMeter: Setting property 'jmeter.reportgenerator.outputdir' to:'C:\Users\Abhi\Documents\KULIAH\SEM4\AdPro\gatherlove\test-results\profile\report'
2025-05-27 08:44:03,542 INFO o.a.j.s.FileServer: Default base='C:\Users\Abhi\Documents\KULIAH\SEM4\AdPro\gatherlove'
2025-05-27 08:44:03,544 INFO o.a.j.s.FileServer: Set new base='C:\Users\Abhi\Documents\KULIAH\SEM4\AdPro\gatherlove\src\test\jmeter'
2025-05-27 08:44:03,658 INFO o.a.j.s.SaveService: Testplan (JMX) version: 2.2. Testlog (JTL) version: 2.2
2025-05-27 08:44:03,669 INFO o.a.j.s.SaveService: Using SaveService properties file encoding UTF-8
2025-05-27 08:44:03,674 INFO o.a.j.s.SaveService: Using SaveService properties version 5.0
2025-05-27 08:44:03,680 INFO o.a.j.s.SaveService: Loading file: src\test\jmeter\profile-test-plan.jmx
2025-05-27 08:44:03,750 INFO o.a.j.p.h.s.HTTPSamplerBase: Parser for text/html is org.apache.jmeter.protocol.http.parser.LagartoBasedHtmlParser
2025-05-27 08:44:03,750 INFO o.a.j.p.h.s.HTTPSamplerBase: Parser for application/xhtml+xml is org.apache.jmeter.protocol.http.parser.LagartoBasedHtmlParser
2025-05-27 08:44:03,750 INFO o.a.j.p.h.s.HTTPSamplerBase: Parser for application/xml is org.apache.jmeter.protocol.http.parser.LagartoBasedHtmlParser
2025-05-27 08:44:03,750 INFO o.a.j.p.h.s.HTTPSamplerBase: Parser for text/xml is org.apache.jmeter.protocol.http.parser.LagartoBasedHtmlParser
2025-05-27 08:44:03,750 INFO o.a.j.p.h.s.HTTPSamplerBase: Parser for text/vnd.wap.wml is org.apache.jmeter.protocol.http.parser.RegexpHTMLParser
2025-05-27 08:44:03,750 INFO o.a.j.p.h.s.HTTPSamplerBase: Parser for text/css is org.apache.jmeter.protocol.http.parser.CssParser
2025-05-27 08:44:04,009 INFO o.a.j.JMeter: Creating summariser <summary>
2025-05-27 08:44:04,015 INFO o.a.j.r.d.ReportGenerator: ReportGenerator will use for Parsing the separator: ','
2025-05-27 08:44:04,015 INFO o.a.j.r.d.ReportGenerator: Will generate report at end of test from  results file: test-results\profile\results.jtl
2025-05-27 08:44:04,015 INFO o.a.j.r.d.ReportGenerator: Reading report generator properties from: C:\Users\Abhi\Downloads\apache-jmeter-5.6.3\apache-jmeter-5.6.3\bin\reportgenerator.properties
2025-05-27 08:44:04,016 INFO o.a.j.r.d.ReportGenerator: Merging with JMeter properties
2025-05-27 08:44:04,020 INFO o.a.j.r.c.ReportGeneratorConfiguration: Property 'jmeter.reportgenerator.temp_dir' not found, using default value 'temp' instead.
2025-05-27 08:44:04,023 INFO o.a.j.r.c.ReportGeneratorConfiguration: Property 'jmeter.reportgenerator.apdex_per_transaction' not found, using default value 'null' instead.
2025-05-27 08:44:04,023 INFO o.a.j.r.c.ReportGeneratorConfiguration: apdex_per_transaction is empty, not APDEX per transaction customization
2025-05-27 08:44:04,023 INFO o.a.j.r.c.ReportGeneratorConfiguration: Property 'jmeter.reportgenerator.sample_filter' not found, using default value 'null' instead.
2025-05-27 08:44:04,023 INFO o.a.j.r.c.ReportGeneratorConfiguration: Property 'jmeter.reportgenerator.report_title' not found, using default value 'null' instead.
2025-05-27 08:44:04,023 INFO o.a.j.r.c.ReportGeneratorConfiguration: Property 'jmeter.reportgenerator.start_date' not found, using default value 'null' instead.
2025-05-27 08:44:04,023 INFO o.a.j.r.c.ReportGeneratorConfiguration: Property 'jmeter.reportgenerator.end_date' not found, using default value 'null' instead.
2025-05-27 08:44:04,023 INFO o.a.j.r.c.ReportGeneratorConfiguration: Property 'jmeter.reportgenerator.date_format' not found, using default value 'null' instead.
2025-05-27 08:44:04,024 INFO o.a.j.r.c.ReportGeneratorConfiguration: Will use date range start date: null, end date: null
2025-05-27 08:44:04,028 INFO o.a.j.r.c.ReportGeneratorConfiguration: Property 'jmeter.reportgenerator.graph.totalTPS.exclude_controllers' not found, using default value 'false' instead.
2025-05-27 08:44:04,029 INFO o.a.j.r.c.ReportGeneratorConfiguration: Property 'jmeter.reportgenerator.graph.activeThreadsOverTime.exclude_controllers' not found, using default value 'false' instead.
2025-05-27 08:44:04,029 INFO o.a.j.r.c.ReportGeneratorConfiguration: Property 'jmeter.reportgenerator.graph.timeVsThreads.exclude_controllers' not found, using default value 'false' instead.
2025-05-27 08:44:04,029 INFO o.a.j.r.c.ReportGeneratorConfiguration: Property 'jmeter.reportgenerator.graph.responseTimeDistribution.exclude_controllers' not found, using default value 'false' instead.
2025-05-27 08:44:04,029 INFO o.a.j.r.c.ReportGeneratorConfiguration: Property 'jmeter.reportgenerator.graph.transactionsPerSecond.exclude_controllers' not found, using default value 'false' instead.
2025-05-27 08:44:04,029 INFO o.a.j.r.c.ReportGeneratorConfiguration: Property 'jmeter.reportgenerator.graph.responseTimePercentiles.exclude_controllers' not found, using default value 'false' instead.
2025-05-27 08:44:04,029 INFO o.a.j.r.c.ReportGeneratorConfiguration: Property 'jmeter.reportgenerator.graph.responseTimePercentilesOverTime.exclude_controllers' not found, using default value 'false' instead.
2025-05-27 08:44:04,029 INFO o.a.j.r.c.ReportGeneratorConfiguration: Property 'jmeter.reportgenerator.graph.responseTimesOverTime.exclude_controllers' not found, using default value 'false' instead.
2025-05-27 08:44:04,029 INFO o.a.j.r.c.ReportGeneratorConfiguration: Property 'jmeter.reportgenerator.graph.connectTimeOverTime.exclude_controllers' not found, using default value 'false' instead.
2025-05-27 08:44:04,029 INFO o.a.j.r.c.ReportGeneratorConfiguration: Property 'jmeter.reportgenerator.graph.latenciesOverTime.exclude_controllers' not found, using default value 'false' instead.
2025-05-27 08:44:04,030 INFO o.a.j.r.c.ReportGeneratorConfiguration: Property 'jmeter.reportgenerator.exporter.json.filters_only_sample_series' not found, using default value 'true' instead.
2025-05-27 08:44:04,031 INFO o.a.j.r.c.ReportGeneratorConfiguration: Property 'jmeter.reportgenerator.exporter.json.series_filter' not found, using default value '' instead.
2025-05-27 08:44:04,031 INFO o.a.j.r.c.ReportGeneratorConfiguration: Property 'jmeter.reportgenerator.exporter.json.show_controllers_only' not found, using default value 'false' instead.
2025-05-27 08:44:04,031 INFO o.a.j.r.c.ReportGeneratorConfiguration: Property 'jmeter.reportgenerator.exporter.html.filters_only_sample_series' not found, using default value 'true' instead.
2025-05-27 08:44:04,031 INFO o.a.j.r.c.ReportGeneratorConfiguration: Property 'jmeter.reportgenerator.exporter.html.series_filter' not found, using default value '' instead.
2025-05-27 08:44:04,031 INFO o.a.j.r.c.ReportGeneratorConfiguration: Property 'jmeter.reportgenerator.exporter.html.show_controllers_only' not found, using default value 'false' instead.
2025-05-27 08:44:04,038 INFO o.a.j.e.StandardJMeterEngine: Running the test!
2025-05-27 08:44:04,040 INFO o.a.j.s.SampleEvent: List of sample_variables: []
2025-05-27 08:44:04,040 INFO o.a.j.s.SampleEvent: List of sample_variables: []
2025-05-27 08:44:04,045 INFO o.a.j.e.u.CompoundVariable: Note: Function class names must contain the string: '.functions.'
2025-05-27 08:44:04,045 INFO o.a.j.e.u.CompoundVariable: Note: Function class names must not contain the string: '.gui.'
2025-05-27 08:44:04,387 INFO o.a.j.JMeter: Running test (1748310244387)
2025-05-27 08:44:04,465 INFO o.a.j.e.StandardJMeterEngine: Starting ThreadGroup: 1 : Profile API Load Test
2025-05-27 08:44:04,465 INFO o.a.j.e.StandardJMeterEngine: Starting 50 threads for group Profile API Load Test.
2025-05-27 08:44:04,465 INFO o.a.j.e.StandardJMeterEngine: Thread will continue on error
2025-05-27 08:44:04,466 INFO o.a.j.t.ThreadGroup: Starting thread group... number=1 threads=50 ramp-up=5 delayedStart=false
2025-05-27 08:44:04,477 INFO o.a.j.t.JMeterThread: Thread started: Profile API Load Test 1-1
2025-05-27 08:44:04,511 INFO o.a.j.t.ThreadGroup: Started thread group number 1
2025-05-27 08:44:04,511 INFO o.a.j.e.StandardJMeterEngine: All thread groups have been started
2025-05-27 08:44:04,521 INFO o.a.j.p.h.s.HTTPHCAbstractImpl: Local host = LAPTOP-NHA1CSS5
2025-05-27 08:44:04,532 INFO o.a.j.p.h.s.HTTPHC4Impl: HTTP request retry count = 0
2025-05-27 08:44:04,534 INFO o.a.j.s.SampleResult: Note: Sample TimeStamps are START times
2025-05-27 08:44:04,534 INFO o.a.j.s.SampleResult: sampleresult.default.encoding is set to UTF-8
2025-05-27 08:44:04,534 INFO o.a.j.s.SampleResult: sampleresult.useNanoTime=true
2025-05-27 08:44:04,534 INFO o.a.j.s.SampleResult: sampleresult.nanoThreadSleep=5000
2025-05-27 08:44:04,571 INFO o.a.j.t.JMeterThread: Thread started: Profile API Load Test 1-2
2025-05-27 08:44:04,671 INFO o.a.j.t.JMeterThread: Thread started: Profile API Load Test 1-3
2025-05-27 08:44:04,735 INFO o.a.j.r.Summariser: summary +      1 in 00:00:00 =    2.9/s Avg:    14 Min:    14 Max:    14 Err:     1 (100.00%) Active: 3 Started: 3 Finished: 0
2025-05-27 08:44:04,769 INFO o.a.j.t.JMeterThread: Thread started: Profile API Load Test 1-4
2025-05-27 08:44:04,870 INFO o.a.j.t.JMeterThread: Thread started: Profile API Load Test 1-5
2025-05-27 08:44:04,968 INFO o.a.j.t.JMeterThread: Thread started: Profile API Load Test 1-6
2025-05-27 08:44:05,030 INFO o.a.j.u.JsseSSLManager: Using default SSL protocol: TLS
2025-05-27 08:44:05,030 INFO o.a.j.u.JsseSSLManager: SSL session context: per-thread
2025-05-27 08:44:05,068 INFO o.a.j.t.JMeterThread: Thread started: Profile API Load Test 1-7
2025-05-27 08:44:05,168 INFO o.a.j.t.JMeterThread: Thread started: Profile API Load Test 1-8
2025-05-27 08:44:05,264 INFO o.a.j.t.JMeterThread: Thread is done: Profile API Load Test 1-6
2025-05-27 08:44:05,264 INFO o.a.j.t.JMeterThread: Thread is done: Profile API Load Test 1-1
2025-05-27 08:44:05,265 INFO o.a.j.t.JMeterThread: Thread finished: Profile API Load Test 1-6
2025-05-27 08:44:05,265 INFO o.a.j.t.JMeterThread: Thread finished: Profile API Load Test 1-1
2025-05-27 08:44:05,268 INFO o.a.j.t.JMeterThread: Thread started: Profile API Load Test 1-9
2025-05-27 08:44:05,270 INFO o.a.j.t.JMeterThread: Thread is done: Profile API Load Test 1-2
2025-05-27 08:44:05,270 INFO o.a.j.t.JMeterThread: Thread finished: Profile API Load Test 1-2
2025-05-27 08:44:05,271 INFO o.a.j.t.JMeterThread: Thread is done: Profile API Load Test 1-5
2025-05-27 08:44:05,271 INFO o.a.j.t.JMeterThread: Thread finished: Profile API Load Test 1-5
2025-05-27 08:44:05,272 INFO o.a.j.t.JMeterThread: Thread is done: Profile API Load Test 1-4
2025-05-27 08:44:05,272 INFO o.a.j.t.JMeterThread: Thread finished: Profile API Load Test 1-4
2025-05-27 08:44:05,273 INFO o.a.j.t.JMeterThread: Thread is done: Profile API Load Test 1-3
2025-05-27 08:44:05,274 INFO o.a.j.t.JMeterThread: Thread finished: Profile API Load Test 1-3
2025-05-27 08:44:05,341 INFO o.a.j.t.JMeterThread: Thread is done: Profile API Load Test 1-7
2025-05-27 08:44:05,341 INFO o.a.j.t.JMeterThread: Thread finished: Profile API Load Test 1-7
2025-05-27 08:44:05,367 INFO o.a.j.t.JMeterThread: Thread started: Profile API Load Test 1-10
2025-05-27 08:44:05,398 INFO o.a.j.t.JMeterThread: Thread is done: Profile API Load Test 1-8
2025-05-27 08:44:05,398 INFO o.a.j.t.JMeterThread: Thread finished: Profile API Load Test 1-8
2025-05-27 08:44:05,454 INFO o.a.j.t.JMeterThread: Thread is done: Profile API Load Test 1-9
2025-05-27 08:44:05,454 INFO o.a.j.t.JMeterThread: Thread finished: Profile API Load Test 1-9
2025-05-27 08:44:05,467 INFO o.a.j.t.JMeterThread: Thread started: Profile API Load Test 1-11
2025-05-27 08:44:05,528 INFO o.a.j.t.JMeterThread: Thread is done: Profile API Load Test 1-10
2025-05-27 08:44:05,528 INFO o.a.j.t.JMeterThread: Thread finished: Profile API Load Test 1-10
2025-05-27 08:44:05,568 INFO o.a.j.t.JMeterThread: Thread started: Profile API Load Test 1-12
2025-05-27 08:44:05,630 INFO o.a.j.t.JMeterThread: Thread is done: Profile API Load Test 1-11
2025-05-27 08:44:05,630 INFO o.a.j.t.JMeterThread: Thread finished: Profile API Load Test 1-11
2025-05-27 08:44:05,668 INFO o.a.j.t.JMeterThread: Thread started: Profile API Load Test 1-13
2025-05-27 08:44:05,723 INFO o.a.j.t.JMeterThread: Thread is done: Profile API Load Test 1-12
2025-05-27 08:44:05,723 INFO o.a.j.t.JMeterThread: Thread finished: Profile API Load Test 1-12
2025-05-27 08:44:05,769 INFO o.a.j.t.JMeterThread: Thread started: Profile API Load Test 1-14
2025-05-27 08:44:05,817 INFO o.a.j.t.JMeterThread: Thread is done: Profile API Load Test 1-13
2025-05-27 08:44:05,817 INFO o.a.j.t.JMeterThread: Thread finished: Profile API Load Test 1-13
2025-05-27 08:44:05,868 INFO o.a.j.t.JMeterThread: Thread started: Profile API Load Test 1-15
2025-05-27 08:44:05,937 INFO o.a.j.t.JMeterThread: Thread is done: Profile API Load Test 1-14
2025-05-27 08:44:05,937 INFO o.a.j.t.JMeterThread: Thread finished: Profile API Load Test 1-14
2025-05-27 08:44:05,967 INFO o.a.j.t.JMeterThread: Thread started: Profile API Load Test 1-16
2025-05-27 08:44:06,013 INFO o.a.j.t.JMeterThread: Thread is done: Profile API Load Test 1-15
2025-05-27 08:44:06,013 INFO o.a.j.t.JMeterThread: Thread finished: Profile API Load Test 1-15
2025-05-27 08:44:06,067 INFO o.a.j.t.JMeterThread: Thread started: Profile API Load Test 1-17
2025-05-27 08:44:06,107 INFO o.a.j.t.JMeterThread: Thread is done: Profile API Load Test 1-16
2025-05-27 08:44:06,107 INFO o.a.j.t.JMeterThread: Thread finished: Profile API Load Test 1-16
2025-05-27 08:44:06,167 INFO o.a.j.t.JMeterThread: Thread started: Profile API Load Test 1-18
2025-05-27 08:44:06,209 INFO o.a.j.t.JMeterThread: Thread is done: Profile API Load Test 1-17
2025-05-27 08:44:06,209 INFO o.a.j.t.JMeterThread: Thread finished: Profile API Load Test 1-17
2025-05-27 08:44:06,267 INFO o.a.j.t.JMeterThread: Thread started: Profile API Load Test 1-19
2025-05-27 08:44:06,306 INFO o.a.j.t.JMeterThread: Thread is done: Profile API Load Test 1-18
2025-05-27 08:44:06,306 INFO o.a.j.t.JMeterThread: Thread finished: Profile API Load Test 1-18
2025-05-27 08:44:06,368 INFO o.a.j.t.JMeterThread: Thread started: Profile API Load Test 1-20
2025-05-27 08:44:06,400 INFO o.a.j.t.JMeterThread: Thread is done: Profile API Load Test 1-19
2025-05-27 08:44:06,400 INFO o.a.j.t.JMeterThread: Thread finished: Profile API Load Test 1-19
2025-05-27 08:44:06,468 INFO o.a.j.t.JMeterThread: Thread started: Profile API Load Test 1-21
2025-05-27 08:44:06,507 INFO o.a.j.t.JMeterThread: Thread is done: Profile API Load Test 1-20
2025-05-27 08:44:06,508 INFO o.a.j.t.JMeterThread: Thread finished: Profile API Load Test 1-20
2025-05-27 08:44:06,567 INFO o.a.j.t.JMeterThread: Thread started: Profile API Load Test 1-22
2025-05-27 08:44:06,612 INFO o.a.j.t.JMeterThread: Thread is done: Profile API Load Test 1-21
2025-05-27 08:44:06,612 INFO o.a.j.t.JMeterThread: Thread finished: Profile API Load Test 1-21
2025-05-27 08:44:06,668 INFO o.a.j.t.JMeterThread: Thread started: Profile API Load Test 1-23
2025-05-27 08:44:06,709 INFO o.a.j.t.JMeterThread: Thread is done: Profile API Load Test 1-22
2025-05-27 08:44:06,709 INFO o.a.j.t.JMeterThread: Thread finished: Profile API Load Test 1-22
2025-05-27 08:44:06,767 INFO o.a.j.t.JMeterThread: Thread started: Profile API Load Test 1-24
2025-05-27 08:44:06,804 INFO o.a.j.t.JMeterThread: Thread is done: Profile API Load Test 1-23
2025-05-27 08:44:06,804 INFO o.a.j.t.JMeterThread: Thread finished: Profile API Load Test 1-23
2025-05-27 08:44:06,867 INFO o.a.j.t.JMeterThread: Thread started: Profile API Load Test 1-25
2025-05-27 08:44:06,910 INFO o.a.j.t.JMeterThread: Thread is done: Profile API Load Test 1-24
2025-05-27 08:44:06,910 INFO o.a.j.t.JMeterThread: Thread finished: Profile API Load Test 1-24
2025-05-27 08:44:06,967 INFO o.a.j.t.JMeterThread: Thread started: Profile API Load Test 1-26
2025-05-27 08:44:07,010 INFO o.a.j.t.JMeterThread: Thread is done: Profile API Load Test 1-25
2025-05-27 08:44:07,010 INFO o.a.j.t.JMeterThread: Thread finished: Profile API Load Test 1-25
2025-05-27 08:44:07,067 INFO o.a.j.t.JMeterThread: Thread started: Profile API Load Test 1-27
2025-05-27 08:44:07,122 INFO o.a.j.t.JMeterThread: Thread is done: Profile API Load Test 1-26
2025-05-27 08:44:07,122 INFO o.a.j.t.JMeterThread: Thread finished: Profile API Load Test 1-26
2025-05-27 08:44:07,166 INFO o.a.j.t.JMeterThread: Thread started: Profile API Load Test 1-28
2025-05-27 08:44:07,226 INFO o.a.j.t.JMeterThread: Thread is done: Profile API Load Test 1-27
2025-05-27 08:44:07,226 INFO o.a.j.t.JMeterThread: Thread finished: Profile API Load Test 1-27
2025-05-27 08:44:07,269 INFO o.a.j.t.JMeterThread: Thread started: Profile API Load Test 1-29
2025-05-27 08:44:07,308 INFO o.a.j.t.JMeterThread: Thread is done: Profile API Load Test 1-28
2025-05-27 08:44:07,308 INFO o.a.j.t.JMeterThread: Thread finished: Profile API Load Test 1-28
2025-05-27 08:44:07,367 INFO o.a.j.t.JMeterThread: Thread started: Profile API Load Test 1-30
2025-05-27 08:44:07,408 INFO o.a.j.t.JMeterThread: Thread is done: Profile API Load Test 1-29
2025-05-27 08:44:07,408 INFO o.a.j.t.JMeterThread: Thread finished: Profile API Load Test 1-29
2025-05-27 08:44:07,468 INFO o.a.j.t.JMeterThread: Thread started: Profile API Load Test 1-31
2025-05-27 08:44:07,503 INFO o.a.j.t.JMeterThread: Thread is done: Profile API Load Test 1-30
2025-05-27 08:44:07,503 INFO o.a.j.t.JMeterThread: Thread finished: Profile API Load Test 1-30
2025-05-27 08:44:07,568 INFO o.a.j.t.JMeterThread: Thread started: Profile API Load Test 1-32
2025-05-27 08:44:07,620 INFO o.a.j.t.JMeterThread: Thread is done: Profile API Load Test 1-31
2025-05-27 08:44:07,620 INFO o.a.j.t.JMeterThread: Thread finished: Profile API Load Test 1-31
2025-05-27 08:44:07,668 INFO o.a.j.t.JMeterThread: Thread started: Profile API Load Test 1-33
2025-05-27 08:44:07,722 INFO o.a.j.t.JMeterThread: Thread is done: Profile API Load Test 1-32
2025-05-27 08:44:07,722 INFO o.a.j.t.JMeterThread: Thread finished: Profile API Load Test 1-32
2025-05-27 08:44:07,768 INFO o.a.j.t.JMeterThread: Thread started: Profile API Load Test 1-34
2025-05-27 08:44:07,809 INFO o.a.j.t.JMeterThread: Thread is done: Profile API Load Test 1-33
2025-05-27 08:44:07,809 INFO o.a.j.t.JMeterThread: Thread finished: Profile API Load Test 1-33
2025-05-27 08:44:07,869 INFO o.a.j.t.JMeterThread: Thread started: Profile API Load Test 1-35
2025-05-27 08:44:07,933 INFO o.a.j.t.JMeterThread: Thread is done: Profile API Load Test 1-34
2025-05-27 08:44:07,933 INFO o.a.j.t.JMeterThread: Thread finished: Profile API Load Test 1-34
2025-05-27 08:44:07,967 INFO o.a.j.t.JMeterThread: Thread started: Profile API Load Test 1-36
2025-05-27 08:44:08,033 INFO o.a.j.t.JMeterThread: Thread is done: Profile API Load Test 1-35
2025-05-27 08:44:08,034 INFO o.a.j.t.JMeterThread: Thread finished: Profile API Load Test 1-35
2025-05-27 08:44:08,068 INFO o.a.j.t.JMeterThread: Thread started: Profile API Load Test 1-37
2025-05-27 08:44:08,098 INFO o.a.j.t.JMeterThread: Thread is done: Profile API Load Test 1-36
2025-05-27 08:44:08,098 INFO o.a.j.t.JMeterThread: Thread finished: Profile API Load Test 1-36
2025-05-27 08:44:08,168 INFO o.a.j.t.JMeterThread: Thread started: Profile API Load Test 1-38
2025-05-27 08:44:08,207 INFO o.a.j.t.JMeterThread: Thread is done: Profile API Load Test 1-37
2025-05-27 08:44:08,207 INFO o.a.j.t.JMeterThread: Thread finished: Profile API Load Test 1-37
2025-05-27 08:44:08,267 INFO o.a.j.t.JMeterThread: Thread started: Profile API Load Test 1-39
2025-05-27 08:44:08,312 INFO o.a.j.t.JMeterThread: Thread is done: Profile API Load Test 1-38
2025-05-27 08:44:08,314 INFO o.a.j.t.JMeterThread: Thread finished: Profile API Load Test 1-38
2025-05-27 08:44:08,367 INFO o.a.j.t.JMeterThread: Thread started: Profile API Load Test 1-40
2025-05-27 08:44:08,403 INFO o.a.j.t.JMeterThread: Thread is done: Profile API Load Test 1-39
2025-05-27 08:44:08,404 INFO o.a.j.t.JMeterThread: Thread finished: Profile API Load Test 1-39
2025-05-27 08:44:08,468 INFO o.a.j.t.JMeterThread: Thread started: Profile API Load Test 1-41
2025-05-27 08:44:08,495 INFO o.a.j.t.JMeterThread: Thread is done: Profile API Load Test 1-40
2025-05-27 08:44:08,495 INFO o.a.j.t.JMeterThread: Thread finished: Profile API Load Test 1-40
2025-05-27 08:44:08,567 INFO o.a.j.t.JMeterThread: Thread started: Profile API Load Test 1-42
2025-05-27 08:44:08,598 INFO o.a.j.t.JMeterThread: Thread is done: Profile API Load Test 1-41
2025-05-27 08:44:08,599 INFO o.a.j.t.JMeterThread: Thread finished: Profile API Load Test 1-41
2025-05-27 08:44:08,667 INFO o.a.j.t.JMeterThread: Thread started: Profile API Load Test 1-43
2025-05-27 08:44:08,694 INFO o.a.j.t.JMeterThread: Thread is done: Profile API Load Test 1-42
2025-05-27 08:44:08,694 INFO o.a.j.t.JMeterThread: Thread finished: Profile API Load Test 1-42
2025-05-27 08:44:08,766 INFO o.a.j.t.JMeterThread: Thread started: Profile API Load Test 1-44
2025-05-27 08:44:08,795 INFO o.a.j.t.JMeterThread: Thread is done: Profile API Load Test 1-43
2025-05-27 08:44:08,796 INFO o.a.j.t.JMeterThread: Thread finished: Profile API Load Test 1-43
2025-05-27 08:44:08,867 INFO o.a.j.t.JMeterThread: Thread started: Profile API Load Test 1-45
2025-05-27 08:44:08,894 INFO o.a.j.t.JMeterThread: Thread is done: Profile API Load Test 1-44
2025-05-27 08:44:08,895 INFO o.a.j.t.JMeterThread: Thread finished: Profile API Load Test 1-44
2025-05-27 08:44:08,968 INFO o.a.j.t.JMeterThread: Thread started: Profile API Load Test 1-46
2025-05-27 08:44:08,996 INFO o.a.j.t.JMeterThread: Thread is done: Profile API Load Test 1-45
2025-05-27 08:44:08,996 INFO o.a.j.t.JMeterThread: Thread finished: Profile API Load Test 1-45
2025-05-27 08:44:09,068 INFO o.a.j.t.JMeterThread: Thread started: Profile API Load Test 1-47
2025-05-27 08:44:09,099 INFO o.a.j.t.JMeterThread: Thread is done: Profile API Load Test 1-46
2025-05-27 08:44:09,099 INFO o.a.j.t.JMeterThread: Thread finished: Profile API Load Test 1-46
2025-05-27 08:44:09,167 INFO o.a.j.t.JMeterThread: Thread started: Profile API Load Test 1-48
2025-05-27 08:44:09,200 INFO o.a.j.t.JMeterThread: Thread is done: Profile API Load Test 1-47
2025-05-27 08:44:09,200 INFO o.a.j.t.JMeterThread: Thread finished: Profile API Load Test 1-47
2025-05-27 08:44:09,268 INFO o.a.j.t.JMeterThread: Thread started: Profile API Load Test 1-49
2025-05-27 08:44:09,294 INFO o.a.j.t.JMeterThread: Thread is done: Profile API Load Test 1-48
2025-05-27 08:44:09,294 INFO o.a.j.t.JMeterThread: Thread finished: Profile API Load Test 1-48
2025-05-27 08:44:09,368 INFO o.a.j.t.JMeterThread: Thread started: Profile API Load Test 1-50
2025-05-27 08:44:09,400 INFO o.a.j.t.JMeterThread: Thread is done: Profile API Load Test 1-49
2025-05-27 08:44:09,400 INFO o.a.j.t.JMeterThread: Thread finished: Profile API Load Test 1-49
2025-05-27 08:44:09,491 INFO o.a.j.t.JMeterThread: Thread is done: Profile API Load Test 1-50
2025-05-27 08:44:09,491 INFO o.a.j.t.JMeterThread: Thread finished: Profile API Load Test 1-50
2025-05-27 08:44:09,491 INFO o.a.j.e.StandardJMeterEngine: Notifying test listeners of end of test
2025-05-27 08:44:09,492 INFO o.a.j.r.Summariser: summary +   1999 in 00:00:05 =  420.0/s Avg:     4 Min:     2 Max:   278 Err:  1999 (100.00%) Active: 0 Started: 50 Finished: 50
2025-05-27 08:44:09,493 INFO o.a.j.r.Summariser: summary =   2000 in 00:00:05 =  391.8/s Avg:     4 Min:     2 Max:   278 Err:  2000 (100.00%)
2025-05-27 08:44:09,493 INFO o.a.j.JMeter: Generating Dashboard
2025-05-27 08:44:09,493 INFO o.a.j.r.d.ReportGenerator: Flushing result collector before report Generation
2025-05-27 08:44:09,503 INFO o.a.j.r.p.NormalizerSampleConsumer: Using format, 'ms', to parse timeStamp field
2025-05-27 08:44:09,616 INFO o.a.j.r.p.AbstractSampleConsumer: class org.apache.jmeter.report.processor.AggregateConsumer#stopProducing(): beginDate produced 0 samples
2025-05-27 08:44:09,616 INFO o.a.j.r.p.AbstractSampleConsumer: class org.apache.jmeter.report.processor.AggregateConsumer#stopProducing(): endDate produced 0 samples
2025-05-27 08:44:09,619 INFO o.a.j.r.p.AbstractSampleConsumer: class org.apache.jmeter.report.processor.ApdexSummaryConsumer#stopProducing(): apdexSummary produced 0 samples
2025-05-27 08:44:09,620 INFO o.a.j.r.p.AbstractSampleConsumer: class org.apache.jmeter.report.processor.RequestsSummaryConsumer#stopProducing(): requestsSummary produced 0 samples
2025-05-27 08:44:09,627 INFO o.a.j.r.p.AbstractSampleConsumer: class org.apache.jmeter.report.processor.StatisticsSummaryConsumer#stopProducing(): statisticsSummary produced 0 samples
2025-05-27 08:44:09,633 INFO o.a.j.r.p.AbstractSampleConsumer: class org.apache.jmeter.report.processor.Top5ErrorsBySamplerConsumer#stopProducing(): top5ErrorsBySampler produced 0 samples
2025-05-27 08:44:09,633 INFO o.a.j.r.p.AbstractSampleConsumer: class org.apache.jmeter.report.processor.ErrorsSummaryConsumer#stopProducing(): errorsSummary produced 0 samples
2025-05-27 08:44:09,633 INFO o.a.j.r.p.AbstractSampleConsumer: class org.apache.jmeter.report.processor.graph.impl.HitsPerSecondGraphConsumer#stopProducing(): hitsPerSecond produced 0 samples
2025-05-27 08:44:09,664 INFO o.a.j.r.p.AbstractSampleConsumer: class org.apache.jmeter.report.processor.graph.impl.LatencyVSRequestGraphConsumer#stopProducing(): latencyVsRequest produced 0 samples
2025-05-27 08:44:09,664 INFO o.a.j.r.p.AbstractSampleConsumer: class org.apache.jmeter.report.processor.graph.impl.SyntheticResponseTimeDistributionGraphConsumer#stopProducing(): syntheticResponseTimeDistribution produced 0 samples
2025-05-27 08:44:09,664 INFO o.a.j.r.p.AbstractSampleConsumer: class org.apache.jmeter.report.processor.graph.impl.BytesThroughputGraphConsumer#stopProducing(): bytesThroughputOverTime produced 0 samples
2025-05-27 08:44:09,665 INFO o.a.j.r.p.AbstractSampleConsumer: class org.apache.jmeter.report.processor.graph.impl.CodesPerSecondGraphConsumer#stopProducing(): codesPerSecond produced 0 samples
2025-05-27 08:44:09,674 INFO o.a.j.r.p.AbstractSampleConsumer: class org.apache.jmeter.report.processor.graph.impl.ResponseTimeVSRequestGraphConsumer#stopProducing(): responseTimeVsRequest produced 0 samples
2025-05-27 08:44:09,674 INFO o.a.j.r.p.AbstractSampleConsumer: class org.apache.jmeter.report.processor.FilterConsumer#stopProducing(): startIntervalControlerFilter produced 14000 samples
2025-05-27 08:44:09,674 INFO o.a.j.r.p.AbstractSampleConsumer: class org.apache.jmeter.report.processor.graph.impl.TotalTPSGraphConsumer#stopProducing(): totalTPS produced 0 samples
2025-05-27 08:44:09,674 INFO o.a.j.r.p.AbstractSampleConsumer: class org.apache.jmeter.report.processor.graph.impl.ActiveThreadsGraphConsumer#stopProducing(): activeThreadsOverTime produced 0 samples
2025-05-27 08:44:09,675 INFO o.a.j.r.p.AbstractSampleConsumer: class org.apache.jmeter.report.processor.graph.impl.TimeVSThreadGraphConsumer#stopProducing(): timeVsThreads produced 0 samples
2025-05-27 08:44:09,675 INFO o.a.j.r.p.AbstractSampleConsumer: class org.apache.jmeter.report.processor.graph.impl.ResponseTimeDistributionGraphConsumer#stopProducing(): responseTimeDistribution produced 0 samples
2025-05-27 08:44:09,675 INFO o.a.j.r.p.AbstractSampleConsumer: class org.apache.jmeter.report.processor.graph.impl.TransactionsPerSecondGraphConsumer#stopProducing(): transactionsPerSecond produced 0 samples
2025-05-27 08:44:09,675 INFO o.a.j.r.p.AbstractSampleConsumer: class org.apache.jmeter.report.processor.graph.impl.ResponseTimePercentilesGraphConsumer#stopProducing(): responseTimePercentiles produced 0 samples
2025-05-27 08:44:09,677 INFO o.a.j.r.p.AbstractSampleConsumer: class org.apache.jmeter.report.processor.graph.impl.ResponseTimePercentilesOverTimeGraphConsumer#stopProducing(): responseTimePercentilesOverTime produced 0 samples
2025-05-27 08:44:09,677 INFO o.a.j.r.p.AbstractSampleConsumer: class org.apache.jmeter.report.processor.graph.impl.ResponseTimeOverTimeGraphConsumer#stopProducing(): responseTimesOverTime produced 0 samples
2025-05-27 08:44:09,677 INFO o.a.j.r.p.AbstractSampleConsumer: class org.apache.jmeter.report.processor.graph.impl.ConnectTimeOverTimeGraphConsumer#stopProducing(): connectTimeOverTime produced 0 samples
2025-05-27 08:44:09,677 INFO o.a.j.r.p.AbstractSampleConsumer: class org.apache.jmeter.report.processor.graph.impl.LatencyOverTimeGraphConsumer#stopProducing(): latenciesOverTime produced 0 samples
2025-05-27 08:44:09,677 INFO o.a.j.r.p.AbstractSampleConsumer: class org.apache.jmeter.report.processor.FilterConsumer#stopProducing(): nameFilter produced 30000 samples
2025-05-27 08:44:09,677 INFO o.a.j.r.p.AbstractSampleConsumer: class org.apache.jmeter.report.processor.FilterConsumer#stopProducing(): dateRangeFilter produced 6000 samples
2025-05-27 08:44:09,677 INFO o.a.j.r.p.AbstractSampleConsumer: class org.apache.jmeter.report.processor.NormalizerSampleConsumer#stopProducing(): normalizer produced 2000 samples
2025-05-27 08:44:09,678 INFO o.a.j.r.p.CsvFileSampleSource: produce(): 2000 samples produced in 153ms on channel 0
2025-05-27 08:44:09,678 INFO o.a.j.r.d.ReportGenerator: Exporting data using exporter:'json' of className:'org.apache.jmeter.report.dashboard.JsonExporter'
2025-05-27 08:44:09,753 INFO o.a.j.r.d.JsonExporter: Found data for consumer statisticsSummary in context
2025-05-27 08:44:09,753 INFO o.a.j.r.d.JsonExporter: Creating statistics for overall
2025-05-27 08:44:09,754 INFO o.a.j.r.d.JsonExporter: Creating statistics for other transactions
2025-05-27 08:44:09,754 INFO o.a.j.r.d.JsonExporter: Checking output folder
2025-05-27 08:44:09,755 INFO o.a.j.r.d.JsonExporter: Writing statistics JSON to C:\Users\Abhi\Documents\KULIAH\SEM4\AdPro\gatherlove\test-results\profile\report\statistics.json
2025-05-27 08:44:09,794 INFO o.a.j.r.d.ReportGenerator: Exporting data using exporter:'html' of className:'org.apache.jmeter.report.dashboard.HtmlTemplateExporter'
2025-05-27 08:44:09,797 INFO o.a.j.r.d.HtmlTemplateExporter: Will generate dashboard in folder: C:\Users\Abhi\Documents\KULIAH\SEM4\AdPro\gatherlove\test-results\profile\report
2025-05-27 08:44:09,886 INFO o.a.j.r.d.HtmlTemplateExporter: Report will be generated in: C:\Users\Abhi\Documents\KULIAH\SEM4\AdPro\gatherlove\test-results\profile\report, creating folder structure
2025-05-27 08:44:09,889 INFO o.a.j.r.d.TemplateVisitor: Copying folder from 'C:\Users\Abhi\Downloads\apache-jmeter-5.6.3\apache-jmeter-5.6.3\bin\report-template' to 'C:\Users\Abhi\Documents\KULIAH\SEM4\AdPro\gatherlove\test-results\profile\report', got message: C:\Users\Abhi\Documents\KULIAH\SEM4\AdPro\gatherlove\test-results\profile\report, found non empty folder with following content [C:\Users\Abhi\Documents\KULIAH\SEM4\AdPro\gatherlove\test-results\profile\report\statistics.json], will be ignored
2025-05-27 08:44:10,248 INFO o.a.j.JMeter: Dashboard generated
